2018-11-28 15:20:26,245 [main] INFO  c.g.e.m.h.c.ui.Html5AppCoreUIPlugin - Pluging started
2018-11-28 15:20:32,011 [Worker-3] INFO  o.e.m.c.i.i.nexus.NexusIndexManager - Updating index for repository: central|http://repo.maven.apache.org/maven2
2018-11-28 15:20:32,618 [Worker-3] INFO  c.n.h.c.p.n.NettyAsyncHttpProvider - Number of application's worked threads is 8
2018-11-28 15:24:14,735 [Worker-5] INFO  o.e.m.c.i.l.LifecycleMappingFactory - Using org.maven.ide.eclipse.wtp.WarLifecycleMapping lifecycle mapping for MavenProject: com.lava:lavaFAQ:0.0.1-SNAPSHOT @ E:\MyEclipseWorkSpace\bishe\lavaFAQ\pom.xml.
2018-11-28 15:24:22,371 [Worker-5] WARN  o.e.m.c.i.embedder.EclipseLogger - The POM for org.apache.commons:commons-lang3:jar:3.4 is invalid, transitive dependencies (if any) will not be available, enable debug logging for more details
2018-11-28 15:24:22,405 [Worker-5] WARN  o.e.m.c.i.embedder.EclipseLogger - The POM for com.oracle:ojdbc6:jar:11.2.0.1.0 is missing, no dependency information available
2018-11-28 15:24:42,197 [Worker-5] WARN  o.e.m.c.i.embedder.EclipseLogger - The POM for org.apache.commons:commons-lang3:jar:3.4 is invalid, transitive dependencies (if any) will not be available, enable debug logging for more details
2018-11-28 15:24:42,200 [Worker-5] WARN  o.e.m.c.i.embedder.EclipseLogger - The POM for com.oracle:ojdbc6:jar:11.2.0.1.0 is missing, no dependency information available
2018-11-28 15:26:43,375 [Worker-1] WARN  o.e.m.c.i.embedder.EclipseLogger - Using platform encoding (GBK actually) to copy filtered resources, i.e. build is platform dependent!
2018-11-28 15:26:43,410 [Worker-1] INFO  o.e.m.c.i.embedder.EclipseLogger - Copying 3 resources
2018-11-28 15:26:43,418 [Worker-1] INFO  o.e.m.c.i.embedder.EclipseLogger - Copying 4 resources
2018-11-28 15:26:43,423 [Worker-1] WARN  o.e.m.c.i.embedder.EclipseLogger - Using platform encoding (GBK actually) to copy filtered resources, i.e. build is platform dependent!
2018-11-28 15:26:43,424 [Worker-1] INFO  o.e.m.c.i.embedder.EclipseLogger - skip non existing resourceDirectory E:\MyEclipseWorkSpace\bishe\lavaFAQ\src\test\resources
2018-11-28 15:28:03,383 [Worker-8] INFO  o.e.m.c.i.l.LifecycleMappingFactory - Using org.maven.ide.eclipse.wtp.WarLifecycleMapping lifecycle mapping for MavenProject: com.lava:lavaFAQ:0.0.1-SNAPSHOT @ E:\MyEclipseWorkSpace\bishe\lavaFAQ\pom.xml.
2018-11-28 15:28:05,794 [Worker-8] WARN  o.e.m.c.i.embedder.EclipseLogger - The POM for org.apache.commons:commons-lang3:jar:3.4 is invalid, transitive dependencies (if any) will not be available, enable debug logging for more details
2018-11-28 15:28:05,800 [Worker-8] WARN  o.e.m.c.i.embedder.EclipseLogger - The POM for com.oracle:ojdbc6:jar:11.2.0.1.0 is missing, no dependency information available
2018-11-28 15:28:06,050 [Worker-8] WARN  o.e.m.c.i.embedder.EclipseLogger - The POM for org.apache.commons:commons-lang3:jar:3.4 is invalid, transitive dependencies (if any) will not be available, enable debug logging for more details
2018-11-28 15:28:06,053 [Worker-8] WARN  o.e.m.c.i.embedder.EclipseLogger - The POM for com.oracle:ojdbc6:jar:11.2.0.1.0 is missing, no dependency information available
2018-11-28 15:28:06,368 [Worker-8] WARN  o.e.m.c.i.embedder.EclipseLogger - Using platform encoding (GBK actually) to copy filtered resources, i.e. build is platform dependent!
2018-11-28 15:28:06,411 [Worker-8] INFO  o.e.m.c.i.embedder.EclipseLogger - Copying 3 resources
2018-11-28 15:28:06,422 [Worker-8] INFO  o.e.m.c.i.embedder.EclipseLogger - Copying 4 resources
2018-11-28 15:28:06,432 [Worker-8] WARN  o.e.m.c.i.embedder.EclipseLogger - Using platform encoding (GBK actually) to copy filtered resources, i.e. build is platform dependent!
2018-11-28 15:28:06,433 [Worker-8] INFO  o.e.m.c.i.embedder.EclipseLogger - skip non existing resourceDirectory E:\MyEclipseWorkSpace\bishe\lavaFAQ\src\test\resources
2018-11-28 15:37:07,346 [Worker-13] WARN  o.e.m.c.i.embedder.EclipseLogger - Using platform encoding (GBK actually) to copy filtered resources, i.e. build is platform dependent!
2018-11-28 15:37:07,362 [Worker-13] INFO  o.e.m.c.i.embedder.EclipseLogger - Copying 3 resources
2018-11-28 15:37:07,487 [Worker-13] INFO  o.e.m.c.i.embedder.EclipseLogger - Copying 4 resources
2018-11-28 15:37:07,580 [Worker-13] WARN  o.e.m.c.i.embedder.EclipseLogger - Using platform encoding (GBK actually) to copy filtered resources, i.e. build is platform dependent!
2018-11-28 15:37:07,596 [Worker-13] INFO  o.e.m.c.i.embedder.EclipseLogger - skip non existing resourceDirectory E:\MyEclipseWorkSpace\bishe\lavaFAQ\src\test\resources
2018-11-29 08:59:39,247 [main] INFO  c.g.e.m.h.c.ui.Html5AppCoreUIPlugin - Pluging started
2018-11-29 08:59:56,141 [Worker-1] INFO  o.e.m.c.i.l.LifecycleMappingFactory - Using org.maven.ide.eclipse.wtp.WarLifecycleMapping lifecycle mapping for MavenProject: com.lava:lavaFAQ:0.0.1-SNAPSHOT @ E:\MyEclipseWorkSpace\bishe\lavaFAQ\pom.xml.
2018-11-29 09:00:01,648 [Worker-1] WARN  o.e.m.c.i.embedder.EclipseLogger - The POM for org.apache.commons:commons-lang3:jar:3.4 is invalid, transitive dependencies (if any) will not be available, enable debug logging for more details
2018-11-29 09:00:01,711 [Worker-1] WARN  o.e.m.c.i.embedder.EclipseLogger - The POM for com.oracle:ojdbc6:jar:11.2.0.1.0 is missing, no dependency information available
2018-11-29 09:00:02,865 [Worker-1] WARN  o.e.m.c.i.embedder.EclipseLogger - The POM for org.apache.commons:commons-lang3:jar:3.4 is invalid, transitive dependencies (if any) will not be available, enable debug logging for more details
2018-11-29 09:00:02,865 [Worker-1] WARN  o.e.m.c.i.embedder.EclipseLogger - The POM for com.oracle:ojdbc6:jar:11.2.0.1.0 is missing, no dependency information available
2018-11-29 09:00:54,035 [Worker-7] WARN  o.e.m.c.i.embedder.EclipseLogger - The POM for org.apache.commons:commons-lang3:jar:3.4 is invalid, transitive dependencies (if any) will not be available, enable debug logging for more details
2018-11-29 09:00:54,035 [Worker-7] WARN  o.e.m.c.i.embedder.EclipseLogger - The POM for com.oracle:ojdbc6:jar:11.2.0.1.0 is missing, no dependency information available
2018-11-29 09:06:18,593 [Worker-11] INFO  o.e.m.c.i.l.LifecycleMappingFactory - Using org.maven.ide.eclipse.wtp.WarLifecycleMapping lifecycle mapping for MavenProject: com.lava:lavaFAQ:0.0.1-SNAPSHOT @ E:\MyEclipseWorkSpace\bishe\lavaFAQ\pom.xml.
2018-11-29 09:06:18,950 [Worker-11] WARN  o.e.m.c.i.embedder.EclipseLogger - The POM for org.apache.commons:commons-lang3:jar:3.4 is invalid, transitive dependencies (if any) will not be available, enable debug logging for more details
2018-11-29 09:06:18,953 [Worker-11] WARN  o.e.m.c.i.embedder.EclipseLogger - The POM for com.oracle:ojdbc6:jar:11.2.0.1.0 is missing, no dependency information available
2018-11-29 09:06:19,152 [Worker-11] WARN  o.e.m.c.i.embedder.EclipseLogger - The POM for org.apache.commons:commons-lang3:jar:3.4 is invalid, transitive dependencies (if any) will not be available, enable debug logging for more details
2018-11-29 09:06:19,154 [Worker-11] WARN  o.e.m.c.i.embedder.EclipseLogger - The POM for com.oracle:ojdbc6:jar:11.2.0.1.0 is missing, no dependency information available
2018-11-29 09:06:20,323 [Worker-11] WARN  o.e.m.c.i.embedder.EclipseLogger - Using platform encoding (GBK actually) to copy filtered resources, i.e. build is platform dependent!
2018-11-29 09:06:20,330 [Worker-11] INFO  o.e.m.c.i.embedder.EclipseLogger - Copying 3 resources
2018-11-29 09:06:20,373 [Worker-11] INFO  o.e.m.c.i.embedder.EclipseLogger - Copying 4 resources
2018-11-29 09:06:20,382 [Worker-11] WARN  o.e.m.c.i.embedder.EclipseLogger - Using platform encoding (GBK actually) to copy filtered resources, i.e. build is platform dependent!
2018-11-29 09:06:20,383 [Worker-11] INFO  o.e.m.c.i.embedder.EclipseLogger - skip non existing resourceDirectory E:\MyEclipseWorkSpace\bishe\lavaFAQ\src\test\resources
2018-11-29 09:06:20,692 [Worker-9] WARN  o.e.m.c.i.embedder.EclipseLogger - The POM for org.apache.commons:commons-lang3:jar:3.4 is invalid, transitive dependencies (if any) will not be available, enable debug logging for more details
2018-11-29 09:06:20,696 [Worker-9] WARN  o.e.m.c.i.embedder.EclipseLogger - The POM for com.oracle:ojdbc6:jar:11.2.0.1.0 is missing, no dependency information available
2018-11-29 09:06:45,927 [Worker-1] INFO  o.e.m.c.i.l.LifecycleMappingFactory - Using org.maven.ide.eclipse.wtp.WarLifecycleMapping lifecycle mapping for MavenProject: com.lava:lavaFAQ:0.0.1-SNAPSHOT @ E:\MyEclipseWorkSpace\bishe\lavaFAQ\pom.xml.
2018-11-29 09:06:46,055 [Worker-1] WARN  o.e.m.c.i.embedder.EclipseLogger - The POM for org.apache.commons:commons-lang3:jar:3.4 is invalid, transitive dependencies (if any) will not be available, enable debug logging for more details
2018-11-29 09:06:46,057 [Worker-1] WARN  o.e.m.c.i.embedder.EclipseLogger - The POM for com.oracle:ojdbc6:jar:11.2.0.1.0 is missing, no dependency information available
2018-11-29 09:06:46,271 [Worker-1] WARN  o.e.m.c.i.embedder.EclipseLogger - The POM for org.apache.commons:commons-lang3:jar:3.4 is invalid, transitive dependencies (if any) will not be available, enable debug logging for more details
2018-11-29 09:06:46,273 [Worker-1] WARN  o.e.m.c.i.embedder.EclipseLogger - The POM for com.oracle:ojdbc6:jar:11.2.0.1.0 is missing, no dependency information available
2018-11-29 09:06:46,614 [Worker-1] WARN  o.e.m.c.i.embedder.EclipseLogger - Using platform encoding (GBK actually) to copy filtered resources, i.e. build is platform dependent!
2018-11-29 09:06:46,618 [Worker-1] INFO  o.e.m.c.i.embedder.EclipseLogger - Copying 0 resource
2018-11-29 09:06:46,619 [Worker-1] INFO  o.e.m.c.i.embedder.EclipseLogger - Copying 0 resource
2018-11-29 09:06:46,622 [Worker-1] WARN  o.e.m.c.i.embedder.EclipseLogger - Using platform encoding (GBK actually) to copy filtered resources, i.e. build is platform dependent!
2018-11-29 09:06:46,623 [Worker-1] INFO  o.e.m.c.i.embedder.EclipseLogger - skip non existing resourceDirectory E:\MyEclipseWorkSpace\bishe\lavaFAQ\src\test\resources
2018-11-29 09:06:46,923 [Worker-5] WARN  o.e.m.c.i.embedder.EclipseLogger - The POM for org.apache.commons:commons-lang3:jar:3.4 is invalid, transitive dependencies (if any) will not be available, enable debug logging for more details
2018-11-29 09:06:46,927 [Worker-5] WARN  o.e.m.c.i.embedder.EclipseLogger - The POM for com.oracle:ojdbc6:jar:11.2.0.1.0 is missing, no dependency information available
2018-11-29 10:21:45,084 [Worker-64] INFO  o.e.m.c.i.p.ProjectConfigurationManager - Update started
2018-11-29 10:21:46,296 [Worker-64] INFO  o.e.m.c.i.l.LifecycleMappingFactory - Using org.maven.ide.eclipse.wtp.WarLifecycleMapping lifecycle mapping for MavenProject: com.lava:lavaFAQ:0.0.1-SNAPSHOT @ E:\MyEclipseWorkSpace\bishe\lavaFAQ\pom.xml.
2018-11-29 10:21:47,754 [Worker-64] WARN  o.e.m.c.i.embedder.EclipseLogger - The POM for org.apache.commons:commons-lang3:jar:3.4 is invalid, transitive dependencies (if any) will not be available, enable debug logging for more details
2018-11-29 10:21:47,770 [Worker-64] WARN  o.e.m.c.i.embedder.EclipseLogger - The POM for com.oracle:ojdbc6:jar:11.2.0.1.0 is missing, no dependency information available
2018-11-29 10:21:47,973 [Worker-64] WARN  o.e.m.c.i.embedder.EclipseLogger - The POM for org.apache.commons:commons-lang3:jar:3.4 is invalid, transitive dependencies (if any) will not be available, enable debug logging for more details
2018-11-29 10:21:47,988 [Worker-64] WARN  o.e.m.c.i.embedder.EclipseLogger - The POM for com.oracle:ojdbc6:jar:11.2.0.1.0 is missing, no dependency information available
2018-11-29 10:21:48,273 [Worker-64] INFO  o.e.m.j.i.AbstractJavaProjectConfigurator - Adding source folder /lavaFAQ/src/main/java
2018-11-29 10:21:48,273 [Worker-64] INFO  o.e.m.j.i.AbstractJavaProjectConfigurator - Resources folder /lavaFAQ/src/main/java overlaps with sources folder /lavaFAQ/src/main/java
2018-11-29 10:21:48,289 [Worker-64] INFO  o.e.m.j.i.AbstractJavaProjectConfigurator - Adding resource folder /lavaFAQ/src/main/resources
2018-11-29 10:21:48,289 [Worker-64] INFO  o.e.m.j.i.AbstractJavaProjectConfigurator - Adding source folder /lavaFAQ/src/test/java
2018-11-29 10:21:55,397 [Worker-64] INFO  o.e.m.w.i.f.ResourceFilteringBuildParticipant - Cleaning filtered folder for lavaFAQ
2018-11-29 10:21:55,413 [Worker-64] INFO  o.e.m.c.i.p.ProjectConfigurationManager - Update completed: 10 sec
2018-11-29 10:21:55,684 [Worker-62] WARN  o.e.m.c.i.embedder.EclipseLogger - The POM for org.apache.commons:commons-lang3:jar:3.4 is invalid, transitive dependencies (if any) will not be available, enable debug logging for more details
2018-11-29 10:21:55,686 [Worker-62] WARN  o.e.m.c.i.embedder.EclipseLogger - The POM for com.oracle:ojdbc6:jar:11.2.0.1.0 is missing, no dependency information available
2018-11-29 10:22:08,395 [Worker-65] INFO  o.e.m.c.i.l.LifecycleMappingFactory - Using org.maven.ide.eclipse.wtp.WarLifecycleMapping lifecycle mapping for MavenProject: com.lava:lavaFAQ:0.0.1-SNAPSHOT @ E:\MyEclipseWorkSpace\bishe\lavaFAQ\pom.xml.
2018-11-29 10:22:08,553 [Worker-65] WARN  o.e.m.c.i.embedder.EclipseLogger - The POM for org.apache.commons:commons-lang3:jar:3.4 is invalid, transitive dependencies (if any) will not be available, enable debug logging for more details
2018-11-29 10:22:08,553 [Worker-65] WARN  o.e.m.c.i.embedder.EclipseLogger - The POM for com.oracle:ojdbc6:jar:11.2.0.1.0 is missing, no dependency information available
2018-11-29 10:22:11,659 [Worker-65] WARN  o.e.m.c.i.embedder.EclipseLogger - The POM for org.apache.commons:commons-lang3:jar:3.4 is invalid, transitive dependencies (if any) will not be available, enable debug logging for more details
2018-11-29 10:22:11,674 [Worker-65] WARN  o.e.m.c.i.embedder.EclipseLogger - The POM for com.oracle:ojdbc6:jar:11.2.0.1.0 is missing, no dependency information available
2018-11-29 10:22:12,095 [Worker-65] WARN  o.e.m.c.i.embedder.EclipseLogger - Using platform encoding (GBK actually) to copy filtered resources, i.e. build is platform dependent!
2018-11-29 10:22:12,095 [Worker-65] INFO  o.e.m.c.i.embedder.EclipseLogger - Copying 3 resources
2018-11-29 10:22:12,127 [Worker-65] INFO  o.e.m.c.i.embedder.EclipseLogger - Copying 4 resources
2018-11-29 10:22:12,142 [Worker-65] WARN  o.e.m.c.i.embedder.EclipseLogger - Using platform encoding (GBK actually) to copy filtered resources, i.e. build is platform dependent!
2018-11-29 10:22:12,142 [Worker-65] INFO  o.e.m.c.i.embedder.EclipseLogger - skip non existing resourceDirectory E:\MyEclipseWorkSpace\bishe\lavaFAQ\src\test\resources
2018-11-29 10:22:12,283 [Worker-67] WARN  o.e.m.c.i.embedder.EclipseLogger - The POM for org.apache.commons:commons-lang3:jar:3.4 is invalid, transitive dependencies (if any) will not be available, enable debug logging for more details
2018-11-29 10:22:12,283 [Worker-67] WARN  o.e.m.c.i.embedder.EclipseLogger - The POM for com.oracle:ojdbc6:jar:11.2.0.1.0 is missing, no dependency information available
2018-11-29 10:23:29,610 [Worker-67] WARN  o.e.m.c.i.embedder.EclipseLogger - Using platform encoding (GBK actually) to copy filtered resources, i.e. build is platform dependent!
2018-11-29 10:23:29,626 [Worker-67] INFO  o.e.m.c.i.embedder.EclipseLogger - Copying 3 resources
2018-11-29 10:23:29,657 [Worker-67] INFO  o.e.m.c.i.embedder.EclipseLogger - Copying 4 resources
2018-11-29 10:23:29,673 [Worker-67] WARN  o.e.m.c.i.embedder.EclipseLogger - Using platform encoding (GBK actually) to copy filtered resources, i.e. build is platform dependent!
2018-11-29 10:23:29,673 [Worker-67] INFO  o.e.m.c.i.embedder.EclipseLogger - skip non existing resourceDirectory E:\MyEclipseWorkSpace\bishe\lavaFAQ\src\test\resources
2018-11-29 10:23:42,087 [Worker-67] INFO  o.e.m.c.i.p.ProjectConfigurationManager - Update started
2018-11-29 10:23:42,353 [Worker-67] INFO  o.e.m.c.i.l.LifecycleMappingFactory - Using org.maven.ide.eclipse.wtp.WarLifecycleMapping lifecycle mapping for MavenProject: com.lava:lavaFAQ:0.0.1-SNAPSHOT @ E:\MyEclipseWorkSpace\bishe\lavaFAQ\pom.xml.
2018-11-29 10:23:42,513 [Worker-67] WARN  o.e.m.c.i.embedder.EclipseLogger - The POM for org.apache.commons:commons-lang3:jar:3.4 is invalid, transitive dependencies (if any) will not be available, enable debug logging for more details
2018-11-29 10:23:42,513 [Worker-67] WARN  o.e.m.c.i.embedder.EclipseLogger - The POM for com.oracle:ojdbc6:jar:11.2.0.1.0 is missing, no dependency information available
2018-11-29 10:23:42,749 [Worker-67] WARN  o.e.m.c.i.embedder.EclipseLogger - The POM for org.apache.commons:commons-lang3:jar:3.4 is invalid, transitive dependencies (if any) will not be available, enable debug logging for more details
2018-11-29 10:23:42,749 [Worker-67] WARN  o.e.m.c.i.embedder.EclipseLogger - The POM for com.oracle:ojdbc6:jar:11.2.0.1.0 is missing, no dependency information available
2018-11-29 10:23:43,263 [Worker-67] INFO  o.e.m.j.i.AbstractJavaProjectConfigurator - Adding source folder /lavaFAQ/src/main/java
2018-11-29 10:23:43,263 [Worker-67] INFO  o.e.m.j.i.AbstractJavaProjectConfigurator - Resources folder /lavaFAQ/src/main/java overlaps with sources folder /lavaFAQ/src/main/java
2018-11-29 10:23:43,263 [Worker-67] INFO  o.e.m.j.i.AbstractJavaProjectConfigurator - Adding resource folder /lavaFAQ/src/main/resources
2018-11-29 10:23:43,263 [Worker-67] INFO  o.e.m.j.i.AbstractJavaProjectConfigurator - Adding source folder /lavaFAQ/src/test/java
2018-11-29 10:23:44,174 [Worker-67] INFO  o.e.m.w.i.f.ResourceFilteringBuildParticipant - Cleaning filtered folder for lavaFAQ
2018-11-29 10:23:44,189 [Worker-67] INFO  o.e.m.c.i.p.ProjectConfigurationManager - Update completed: 2 sec
2018-11-29 10:23:44,408 [Worker-66] WARN  o.e.m.c.i.embedder.EclipseLogger - The POM for org.apache.commons:commons-lang3:jar:3.4 is invalid, transitive dependencies (if any) will not be available, enable debug logging for more details
2018-11-29 10:23:44,408 [Worker-66] WARN  o.e.m.c.i.embedder.EclipseLogger - The POM for com.oracle:ojdbc6:jar:11.2.0.1.0 is missing, no dependency information available
2018-11-29 10:23:51,995 [Worker-71] INFO  o.e.m.c.i.l.LifecycleMappingFactory - Using org.maven.ide.eclipse.wtp.WarLifecycleMapping lifecycle mapping for MavenProject: com.lava:lavaFAQ:0.0.1-SNAPSHOT @ E:\MyEclipseWorkSpace\bishe\lavaFAQ\pom.xml.
2018-11-29 10:23:52,322 [Worker-71] WARN  o.e.m.c.i.embedder.EclipseLogger - The POM for org.apache.commons:commons-lang3:jar:3.4 is invalid, transitive dependencies (if any) will not be available, enable debug logging for more details
2018-11-29 10:23:52,322 [Worker-71] WARN  o.e.m.c.i.embedder.EclipseLogger - The POM for com.oracle:ojdbc6:jar:11.2.0.1.0 is missing, no dependency information available
2018-11-29 10:23:52,556 [Worker-71] WARN  o.e.m.c.i.embedder.EclipseLogger - The POM for org.apache.commons:commons-lang3:jar:3.4 is invalid, transitive dependencies (if any) will not be available, enable debug logging for more details
2018-11-29 10:23:52,556 [Worker-71] WARN  o.e.m.c.i.embedder.EclipseLogger - The POM for com.oracle:ojdbc6:jar:11.2.0.1.0 is missing, no dependency information available
2018-11-29 10:23:52,823 [Worker-71] WARN  o.e.m.c.i.embedder.EclipseLogger - Using platform encoding (GBK actually) to copy filtered resources, i.e. build is platform dependent!
2018-11-29 10:23:52,823 [Worker-71] INFO  o.e.m.c.i.embedder.EclipseLogger - Copying 3 resources
2018-11-29 10:23:52,823 [Worker-71] INFO  o.e.m.c.i.embedder.EclipseLogger - Copying 4 resources
2018-11-29 10:23:52,838 [Worker-71] WARN  o.e.m.c.i.embedder.EclipseLogger - Using platform encoding (GBK actually) to copy filtered resources, i.e. build is platform dependent!
2018-11-29 10:23:52,838 [Worker-71] INFO  o.e.m.c.i.embedder.EclipseLogger - skip non existing resourceDirectory E:\MyEclipseWorkSpace\bishe\lavaFAQ\src\test\resources
2018-11-29 10:23:53,041 [Worker-60] WARN  o.e.m.c.i.embedder.EclipseLogger - The POM for org.apache.commons:commons-lang3:jar:3.4 is invalid, transitive dependencies (if any) will not be available, enable debug logging for more details
2018-11-29 10:23:53,041 [Worker-60] WARN  o.e.m.c.i.embedder.EclipseLogger - The POM for com.oracle:ojdbc6:jar:11.2.0.1.0 is missing, no dependency information available
2018-11-29 10:24:41,000 [Worker-72] WARN  o.e.m.c.i.embedder.EclipseLogger - Using platform encoding (GBK actually) to copy filtered resources, i.e. build is platform dependent!
2018-11-29 10:24:41,000 [Worker-72] INFO  o.e.m.c.i.embedder.EclipseLogger - Copying 3 resources
2018-11-29 10:24:41,031 [Worker-72] INFO  o.e.m.c.i.embedder.EclipseLogger - Copying 4 resources
2018-11-29 10:24:41,031 [Worker-72] WARN  o.e.m.c.i.embedder.EclipseLogger - Using platform encoding (GBK actually) to copy filtered resources, i.e. build is platform dependent!
2018-11-29 10:24:41,031 [Worker-72] INFO  o.e.m.c.i.embedder.EclipseLogger - skip non existing resourceDirectory E:\MyEclipseWorkSpace\bishe\lavaFAQ\src\test\resources
2018-11-29 10:24:41,031 [Worker-72] INFO  o.e.m.w.i.f.ResourceFilteringBuildParticipant - Changed resources require a complete clean of filtered resources of lavaFAQ
2018-11-29 10:24:41,031 [Worker-72] INFO  o.e.m.w.i.f.ResourceFilteringBuildParticipant - Executing resource filtering for lavaFAQ
2018-11-29 10:24:41,063 [Worker-72] WARN  o.e.m.c.i.embedder.EclipseLogger - Using platform encoding (GBK actually) to copy filtered resources, i.e. build is platform dependent!
2018-11-29 11:16:29,501 [Worker-81] WARN  o.e.m.c.i.embedder.EclipseLogger - Using platform encoding (GBK actually) to copy filtered resources, i.e. build is platform dependent!
2018-11-29 11:16:29,519 [Worker-81] INFO  o.e.m.c.i.embedder.EclipseLogger - Copying 3 resources
2018-11-29 11:16:29,522 [Worker-81] INFO  o.e.m.c.i.embedder.EclipseLogger - Copying 4 resources
2018-11-29 11:16:29,540 [Worker-81] WARN  o.e.m.c.i.embedder.EclipseLogger - Using platform encoding (GBK actually) to copy filtered resources, i.e. build is platform dependent!
2018-11-29 11:16:29,542 [Worker-81] INFO  o.e.m.c.i.embedder.EclipseLogger - skip non existing resourceDirectory E:\MyEclipseWorkSpace\bishe\lavaFAQ\src\test\resources
2018-11-29 14:12:18,287 [main] INFO  c.g.e.m.h.c.ui.Html5AppCoreUIPlugin - Pluging started
2018-11-29 14:12:40,407 [Worker-4] WARN  o.e.m.c.i.embedder.EclipseLogger - The POM for org.apache.commons:commons-lang3:jar:3.4 is invalid, transitive dependencies (if any) will not be available, enable debug logging for more details
2018-11-29 14:12:40,423 [Worker-4] WARN  o.e.m.c.i.embedder.EclipseLogger - The POM for com.oracle:ojdbc6:jar:11.2.0.1.0 is missing, no dependency information available
2018-11-29 14:12:40,439 [Worker-2] INFO  o.e.m.c.i.l.LifecycleMappingFactory - Using org.maven.ide.eclipse.wtp.WarLifecycleMapping lifecycle mapping for MavenProject: com.lava:lavaFAQ:0.0.1-SNAPSHOT @ E:\MyEclipseWorkSpace\bishe\lavaFAQ\pom.xml.
2018-11-29 14:12:40,657 [Worker-2] WARN  o.e.m.c.i.embedder.EclipseLogger - The POM for org.apache.commons:commons-lang3:jar:3.4 is invalid, transitive dependencies (if any) will not be available, enable debug logging for more details
2018-11-29 14:12:40,657 [Worker-2] WARN  o.e.m.c.i.embedder.EclipseLogger - The POM for com.oracle:ojdbc6:jar:11.2.0.1.0 is missing, no dependency information available
2018-11-29 14:12:42,546 [Worker-2] WARN  o.e.m.c.i.embedder.EclipseLogger - The POM for org.apache.commons:commons-lang3:jar:3.4 is invalid, transitive dependencies (if any) will not be available, enable debug logging for more details
2018-11-29 14:12:42,546 [Worker-2] WARN  o.e.m.c.i.embedder.EclipseLogger - The POM for com.oracle:ojdbc6:jar:11.2.0.1.0 is missing, no dependency information available
2018-11-29 14:13:15,816 [Worker-6] WARN  o.e.m.c.i.embedder.EclipseLogger - Using platform encoding (GBK actually) to copy filtered resources, i.e. build is platform dependent!
2018-11-29 14:13:15,816 [Worker-6] INFO  o.e.m.c.i.embedder.EclipseLogger - Copying 3 resources
2018-11-29 14:13:15,832 [Worker-6] INFO  o.e.m.c.i.embedder.EclipseLogger - Copying 4 resources
2018-11-29 14:13:15,832 [Worker-6] WARN  o.e.m.c.i.embedder.EclipseLogger - Using platform encoding (GBK actually) to copy filtered resources, i.e. build is platform dependent!
2018-11-29 14:13:15,832 [Worker-6] INFO  o.e.m.c.i.embedder.EclipseLogger - skip non existing resourceDirectory E:\MyEclipseWorkSpace\bishe\lavaFAQ\src\test\resources
2018-11-29 14:17:40,624 [main] INFO  c.g.e.m.h.c.ui.Html5AppCoreUIPlugin - Pluging started
2018-11-29 14:19:42,288 [main] INFO  c.g.e.m.h.c.ui.Html5AppCoreUIPlugin - Pluging started
2018-11-29 14:24:41,111 [main] INFO  c.g.e.m.h.c.ui.Html5AppCoreUIPlugin - Pluging started
2018-11-29 14:35:08,370 [main] INFO  c.g.e.m.h.c.ui.Html5AppCoreUIPlugin - Pluging started
2018-11-29 15:12:49,996 [main] INFO  c.g.e.m.h.c.ui.Html5AppCoreUIPlugin - Pluging started
2018-11-29 15:24:48,695 [main] INFO  c.g.e.m.h.c.ui.Html5AppCoreUIPlugin - Pluging started
2018-11-29 15:32:35,689 [main] INFO  c.g.e.m.h.c.ui.Html5AppCoreUIPlugin - Pluging started
2018-11-29 15:42:18,873 [main] INFO  c.g.e.m.h.c.ui.Html5AppCoreUIPlugin - Pluging started
2018-11-29 15:50:08,652 [main] INFO  c.g.e.m.h.c.ui.Html5AppCoreUIPlugin - Pluging started
2018-11-29 15:54:38,086 [main] INFO  c.g.e.m.h.c.ui.Html5AppCoreUIPlugin - Pluging started
2018-11-29 16:30:57,879 [main] INFO  org.eclipse.jetty.server.Server - jetty-8.1.10.v20130312
2018-11-29 16:30:58,141 [main] INFO  o.e.jetty.server.AbstractConnector - Started SelectChannelConnector@0.0.0.0:53897
2018-11-29 16:33:46,971 [main] INFO  o.e.j.server.handler.ContextHandler - stopped o.e.j.s.ServletContextHandler{/wse,null}
2018-11-29 16:36:08,929 [main] INFO  c.g.e.m.h.c.ui.Html5AppCoreUIPlugin - Pluging started
2018-11-29 16:44:41,868 [main] INFO  c.g.e.m.h.c.ui.Html5AppCoreUIPlugin - Pluging started
2018-11-29 16:49:22,673 [main] INFO  c.g.e.m.h.c.ui.Html5AppCoreUIPlugin - Pluging started
2018-11-29 16:51:02,000 [main] INFO  c.g.e.m.h.c.ui.Html5AppCoreUIPlugin - Pluging started
2018-11-29 16:53:09,174 [main] INFO  c.g.e.m.h.c.ui.Html5AppCoreUIPlugin - Pluging started
2018-11-29 16:56:46,708 [main] INFO  c.g.e.m.h.c.ui.Html5AppCoreUIPlugin - Pluging started
2018-11-29 17:01:39,785 [main] INFO  c.g.e.m.h.c.ui.Html5AppCoreUIPlugin - Pluging started
